\BOOKMARK [0][-]{chapter.1}{Introduction}{}% 1
\BOOKMARK [1][-]{section.1.1}{Summary of Goals}{chapter.1}% 2
\BOOKMARK [1][-]{section.1.2}{Outline}{chapter.1}% 3
\BOOKMARK [0][-]{chapter.2}{Background Chapter}{}% 4
\BOOKMARK [1][-]{section.2.1}{Introduction}{chapter.2}% 5
\BOOKMARK [1][-]{section.2.2}{Static Analysis}{chapter.2}% 6
\BOOKMARK [1][-]{section.2.3}{Dynamic Analysis}{chapter.2}% 7
\BOOKMARK [1][-]{section.2.4}{Mixing Static and Dynamic Analysis}{chapter.2}% 8
\BOOKMARK [1][-]{section.2.5}{Deadlocks as Exceptions}{chapter.2}% 9
\BOOKMARK [0][-]{chapter.3}{Bug Reports Study}{}% 10
\BOOKMARK [1][-]{section.3.1}{Introduction}{chapter.3}% 11
\BOOKMARK [1][-]{section.3.2}{Sample Collection}{chapter.3}% 12
\BOOKMARK [1][-]{section.3.3}{Data Labeling}{chapter.3}% 13
\BOOKMARK [2][-]{subsection.3.3.1}{Category}{section.3.3}% 14
\BOOKMARK [2][-]{subsection.3.3.2}{Number of threads/resources}{section.3.3}% 15
\BOOKMARK [2][-]{subsection.3.3.3}{Type}{section.3.3}% 16
\BOOKMARK [2][-]{subsection.3.3.4}{Notes}{section.3.3}% 17
\BOOKMARK [1][-]{section.3.4}{Labeling Guidelines}{chapter.3}% 18
\BOOKMARK [1][-]{section.3.5}{Results Analysis}{chapter.3}% 19
\BOOKMARK [1][-]{section.3.6}{Threats to Validity}{chapter.3}% 20
\BOOKMARK [0][-]{chapter.4}{Deadlock Detection}{}% 21
\BOOKMARK [1][-]{section.4.1}{Introduction}{chapter.4}% 22
\BOOKMARK [1][-]{section.4.2}{Deadlock Detection Protocol}{chapter.4}% 23
\BOOKMARK [2][-]{subsection.4.2.1}{Proof}{section.4.2}% 24
\BOOKMARK [1][-]{section.4.3}{Protocol Extension}{chapter.4}% 25
\BOOKMARK [1][-]{section.4.4}{Implementation}{chapter.4}% 26
\BOOKMARK [0][-]{chapter.5}{Evaluation}{}% 27
\BOOKMARK [1][-]{section.5.1}{Introduction}{chapter.5}% 28
\BOOKMARK [1][-]{section.5.2}{Usability Evaluation}{chapter.5}% 29
\BOOKMARK [2][-]{subsection.5.2.1}{Time Analysis}{section.5.2}% 30
\BOOKMARK [3][-]{subsubsection.5.2.1.1}{Metrics Collection}{subsection.5.2.1}% 31
\BOOKMARK [3][-]{subsubsection.5.2.1.2}{Experiment Operation}{subsection.5.2.1}% 32
\BOOKMARK [3][-]{subsubsection.5.2.1.3}{Results}{subsection.5.2.1}% 33
\BOOKMARK [2][-]{subsection.5.2.2}{Accuracy Analysis}{section.5.2}% 34
\BOOKMARK [2][-]{subsection.5.2.3}{Discussion}{section.5.2}% 35
\BOOKMARK [2][-]{subsection.5.2.4}{Threats To Internal Validity}{section.5.2}% 36
\BOOKMARK [3][-]{subsubsection.5.2.4.1}{Time Measurement}{subsection.5.2.4}% 37
\BOOKMARK [3][-]{subsubsection.5.2.4.2}{Exercises}{subsection.5.2.4}% 38
\BOOKMARK [2][-]{subsection.5.2.5}{Threats to External Validity}{section.5.2}% 39
\BOOKMARK [3][-]{subsubsection.5.2.5.1}{Students}{subsection.5.2.5}% 40
\BOOKMARK [1][-]{section.5.3}{Performance Analysis}{chapter.5}% 41
\BOOKMARK [0][-]{chapter.6}{Concluding Remarks}{}% 42
\BOOKMARK [1][-]{section.6.1}{Research Contributions}{chapter.6}% 43
\BOOKMARK [1][-]{section.6.2}{Future Work}{chapter.6}% 44
\BOOKMARK [0][-]{chapter*.27}{References}{}% 45
\BOOKMARK [0][-]{section*.28}{Appendix}{}% 46
\BOOKMARK [0][-]{appendix.A}{Bug Reports Study Attachments}{}% 47
\BOOKMARK [0][-]{appendix.B}{Evaluation Chapter Attachments}{}% 48
\BOOKMARK [1][-]{section.B.1}{Time Analysis}{appendix.B}% 49
\BOOKMARK [1][-]{section.B.2}{Accuracy Analysis}{appendix.B}% 50
\BOOKMARK [1][-]{section.B.3}{Experiment First Assignment}{appendix.B}% 51
\BOOKMARK [1][-]{section.B.4}{Experiment Second Assignment}{appendix.B}% 52
